<?xml version="1.0" encoding="UTF-8"?>
<testsuite name="com.kodilla.stream.array.ArrayOperationsTestSuite" tests="1" skipped="0" failures="0" errors="0" timestamp="2018-07-25T07:59:11" hostname="WINDOWS-POOF9JD" time="0.012">
  <properties/>
  <testcase name="testGetAverage" classname="com.kodilla.stream.array.ArrayOperationsTestSuite" time="0.012"/>
  <system-out><![CDATA[2
4
3
5
2
]]></system-out>
  <system-err><![CDATA[]]></system-err>
</testsuite>
